<?xml version="1.0" encoding="UTF-8"?>
<!-- Generated by org.testng.reporters.JUnitXMLReporter -->
<testsuite ignored="13" hostname="LAPTOP-O877SD89" failures="0" tests="1" name="Default test" time="0.118" errors="0" timestamp="2025-11-07T21:53:09 IST">
  <testcase classname="keralaTourismAutomationTestNG.FormFieldValidation" name="@BeforeClass initializeDriver" time="-1.762532589797E9">
    <failure type="org.testng.TestNGException" message="
Parameter &amp;apos;browser&amp;apos; is required by BeforeClass on method initializeDriver but has not been marked @Optional or defined
in C:\Users\GIRISH\AppData\Local\Temp\testng-eclipse--815137480\testng-customsuite.xml">
      <![CDATA[org.testng.TestNGException: 
Parameter 'browser' is required by BeforeClass on method initializeDriver but has not been marked @Optional or defined
in C:\Users\GIRISH\AppData\Local\Temp\testng-eclipse--815137480\testng-customsuite.xml
at org.testng.internal.Parameters.createParams(Parameters.java:264)
at org.testng.internal.Parameters.createParametersForMethod(Parameters.java:352)
at org.testng.internal.Parameters.createParameters(Parameters.java:690)
at org.testng.internal.Parameters.createConfigurationParameters(Parameters.java:163)
at org.testng.internal.invokers.ConfigInvoker.invokeConfigurations(ConfigInvoker.java:313)
at org.testng.internal.invokers.TestMethodWorker.invokeBeforeClassMethods(TestMethodWorker.java:188)
at org.testng.internal.invokers.TestMethodWorker.run(TestMethodWorker.java:128)
at java.base/java.util.ArrayList.forEach(ArrayList.java:1596)
at org.testng.TestRunner.privateRun(TestRunner.java:741)
at org.testng.TestRunner.run(TestRunner.java:616)
at org.testng.SuiteRunner.runTest(SuiteRunner.java:421)
at org.testng.SuiteRunner.runSequentially(SuiteRunner.java:413)
at org.testng.SuiteRunner.privateRun(SuiteRunner.java:373)
at org.testng.SuiteRunner.run(SuiteRunner.java:312)
at org.testng.SuiteRunnerWorker.runSuite(SuiteRunnerWorker.java:52)
at org.testng.SuiteRunnerWorker.run(SuiteRunnerWorker.java:95)
at org.testng.TestNG.runSuitesSequentially(TestNG.java:1274)
at org.testng.TestNG.runSuitesLocally(TestNG.java:1208)
at org.testng.TestNG.runSuites(TestNG.java:1112)
at org.testng.TestNG.run(TestNG.java:1079)
at org.testng.remote.AbstractRemoteTestNG.run(AbstractRemoteTestNG.java:115)
at org.testng.remote.RemoteTestNG.initAndRun(RemoteTestNG.java:293)
at org.testng.remote.RemoteTestNG.main(RemoteTestNG.java:91)
]]>
    </failure>
  </testcase> <!-- @BeforeClass initializeDriver -->
  <testcase classname="keralaTourismAutomationTestNG.FormFieldValidation" name="@AfterClass tearDownDriver" time="0.0">
    <skipped/>
  </testcase> <!-- @AfterClass tearDownDriver -->
  <testcase classname="keralaTourismAutomationTestNG.FormFieldValidation" name="form_Field_Validation_With_Empty_PhoneNumber_Field_In_SignUp" time="0.001">
    <skipped/>
  </testcase> <!-- form_Field_Validation_With_Empty_PhoneNumber_Field_In_SignUp -->
  <testcase classname="keralaTourismAutomationTestNG.FormFieldValidation" name="form_Validation_With_Empty_Email_Field_on_Login_Page" time="0.0">
    <ignored/>
  </testcase> <!-- form_Validation_With_Empty_Email_Field_on_Login_Page -->
  <testcase classname="keralaTourismAutomationTestNG.FormFieldValidation" name="form_Field_Validation_With_Empty_Password1_Field_In_SignUp" time="0.0">
    <ignored/>
  </testcase> <!-- form_Field_Validation_With_Empty_Password1_Field_In_SignUp -->
  <testcase classname="keralaTourismAutomationTestNG.FormFieldValidation" name="form_Field_Validation_With_Empty_Email_Field_In_SignUP" time="0.0">
    <ignored/>
  </testcase> <!-- form_Field_Validation_With_Empty_Email_Field_In_SignUP -->
  <testcase classname="keralaTourismAutomationTestNG.FormFieldValidation" name="form_Validation_With_Invalid_email_in_Login_Page" time="0.0">
    <ignored/>
  </testcase> <!-- form_Validation_With_Invalid_email_in_Login_Page -->
  <testcase classname="keralaTourismAutomationTestNG.FormFieldValidation" name="form_Field_Validation_With_Empty_Name_Field_InSignUp" time="0.0">
    <ignored/>
  </testcase> <!-- form_Field_Validation_With_Empty_Name_Field_InSignUp -->
  <testcase classname="keralaTourismAutomationTestNG.FormFieldValidation" name="form_Validation_With_Long_Password_Exceeding_The_Minimum_Requirement" time="0.0">
    <ignored/>
  </testcase> <!-- form_Validation_With_Long_Password_Exceeding_The_Minimum_Requirement -->
  <testcase classname="keralaTourismAutomationTestNG.FormFieldValidation" name="form_Validation_With_Both_Empty_Fields_on_Login_Page" time="0.0">
    <ignored/>
  </testcase> <!-- form_Validation_With_Both_Empty_Fields_on_Login_Page -->
  <testcase classname="keralaTourismAutomationTestNG.FormFieldValidation" name="form_Field_Validation_With_Empty_Password2_Field_In_SignUp" time="0.0">
    <ignored/>
  </testcase> <!-- form_Field_Validation_With_Empty_Password2_Field_In_SignUp -->
  <testcase classname="keralaTourismAutomationTestNG.FormFieldValidation" name="handle_Unexpected_Alert_If_Present" time="0.0">
    <ignored/>
  </testcase> <!-- handle_Unexpected_Alert_If_Present -->
  <testcase classname="keralaTourismAutomationTestNG.FormFieldValidation" name="form_Validation_With_Empty_password_field_On_Login_Page" time="0.0">
    <ignored/>
  </testcase> <!-- form_Validation_With_Empty_password_field_On_Login_Page -->
  <testcase classname="keralaTourismAutomationTestNG.FormFieldValidation" name="form_Validation_With_Invalid_Password_In_Login_Page" time="0.0">
    <ignored/>
  </testcase> <!-- form_Validation_With_Invalid_Password_In_Login_Page -->
  <testcase classname="keralaTourismAutomationTestNG.FormFieldValidation" name="form_Validation_with_Mismatch_Passwords_In_SignUp" time="0.0">
    <ignored/>
  </testcase> <!-- form_Validation_with_Mismatch_Passwords_In_SignUp -->
  <testcase classname="keralaTourismAutomationTestNG.FormFieldValidation" name="form_Validation_With_Password_Lesser_than_The_Minimum_Requirement" time="0.0">
    <ignored/>
  </testcase> <!-- form_Validation_With_Password_Lesser_than_The_Minimum_Requirement -->
</testsuite> <!-- Default test -->
