<?xml version="1.0" encoding="UTF-8"?>
<!-- Generated by org.testng.reporters.JUnitXMLReporter -->
<testsuite ignored="1" hostname="LAPTOP-O877SD89" failures="24" tests="26" name="Chrome Tests" time="0.26" errors="0" timestamp="2025-11-07T11:32:58 IST">
  <testcase classname="keralaTourism.BasicSmokeTesting" name="verifyHomePageTitle" time="0.029">
    <failure type="java.lang.NullPointerException" message="Cannot invoke &amp;quot;org.openqa.selenium.WebDriver.getCurrentUrl()&amp;quot; because the return value of &amp;quot;keralaTourism.Base.getDriver()&amp;quot; is null">
      <![CDATA[java.lang.NullPointerException: Cannot invoke "org.openqa.selenium.WebDriver.getCurrentUrl()" because the return value of "keralaTourism.Base.getDriver()" is null
at keralaTourism.BasicSmokeTesting.verifyHomePageTitle(BasicSmokeTesting.java:17)
at java.base/java.util.ArrayList.forEach(ArrayList.java:1596)
... Removed 25 stack frames]]>
    </failure>
  </testcase> <!-- verifyHomePageTitle -->
  <testcase classname="keralaTourism.BasicSmokeTesting" name="basicNavigationThroughMainMenu" time="0.012">
    <failure type="java.lang.NullPointerException" message="Cannot invoke &amp;quot;org.openqa.selenium.WebDriver.findElement(org.openqa.selenium.By)&amp;quot; because the return value of &amp;quot;keralaTourism.Base.getDriver()&amp;quot; is null">
      <![CDATA[java.lang.NullPointerException: Cannot invoke "org.openqa.selenium.WebDriver.findElement(org.openqa.selenium.By)" because the return value of "keralaTourism.Base.getDriver()" is null
at keralaTourism.BasicSmokeTesting.basicNavigationThroughMainMenu(BasicSmokeTesting.java:28)
at java.base/java.util.ArrayList.forEach(ArrayList.java:1596)
... Removed 25 stack frames]]>
    </failure>
  </testcase> <!-- basicNavigationThroughMainMenu -->
  <testcase classname="keralaTourism.BasicSmokeTesting" name="validatingExplorePage" time="0.002">
    <failure type="java.lang.NullPointerException" message="Cannot invoke &amp;quot;org.openqa.selenium.WebDriver.navigate()&amp;quot; because the return value of &amp;quot;keralaTourism.Base.getDriver()&amp;quot; is null">
      <![CDATA[java.lang.NullPointerException: Cannot invoke "org.openqa.selenium.WebDriver.navigate()" because the return value of "keralaTourism.Base.getDriver()" is null
at keralaTourism.BasicSmokeTesting.validatingExplorePage(BasicSmokeTesting.java:51)
at java.base/java.util.ArrayList.forEach(ArrayList.java:1596)
... Removed 25 stack frames]]>
    </failure>
  </testcase> <!-- validatingExplorePage -->
  <testcase classname="keralaTourism.BasicSmokeTesting" name="validatingLoginPage" time="0.002">
    <failure type="java.lang.NullPointerException" message="Cannot invoke &amp;quot;org.openqa.selenium.WebDriver.navigate()&amp;quot; because the return value of &amp;quot;keralaTourism.Base.getDriver()&amp;quot; is null">
      <![CDATA[java.lang.NullPointerException: Cannot invoke "org.openqa.selenium.WebDriver.navigate()" because the return value of "keralaTourism.Base.getDriver()" is null
at keralaTourism.BasicSmokeTesting.validatingLoginPage(BasicSmokeTesting.java:65)
at java.base/java.util.ArrayList.forEach(ArrayList.java:1596)
... Removed 25 stack frames]]>
    </failure>
  </testcase> <!-- validatingLoginPage -->
  <testcase classname="keralaTourism.BasicSmokeTesting" name="validatingSignupPage" time="0.001">
    <failure type="java.lang.NullPointerException" message="Cannot invoke &amp;quot;org.openqa.selenium.WebDriver.navigate()&amp;quot; because the return value of &amp;quot;keralaTourism.Base.getDriver()&amp;quot; is null">
      <![CDATA[java.lang.NullPointerException: Cannot invoke "org.openqa.selenium.WebDriver.navigate()" because the return value of "keralaTourism.Base.getDriver()" is null
at keralaTourism.BasicSmokeTesting.validatingSignupPage(BasicSmokeTesting.java:74)
at java.base/java.util.ArrayList.forEach(ArrayList.java:1596)
... Removed 25 stack frames]]>
    </failure>
  </testcase> <!-- validatingSignupPage -->
  <testcase classname="keralaTourism.BasicSmokeTesting" name="validateIndividualDistrictPages" time="0.004">
    <failure type="java.lang.NullPointerException" message="Cannot invoke &amp;quot;org.openqa.selenium.WebDriver.navigate()&amp;quot; because the return value of &amp;quot;keralaTourism.Base.getDriver()&amp;quot; is null">
      <![CDATA[java.lang.NullPointerException: Cannot invoke "org.openqa.selenium.WebDriver.navigate()" because the return value of "keralaTourism.Base.getDriver()" is null
at keralaTourism.BasicSmokeTesting.validateIndividualDistrictPages(BasicSmokeTesting.java:105)
at java.base/java.util.ArrayList.forEach(ArrayList.java:1596)
... Removed 25 stack frames]]>
    </failure>
  </testcase> <!-- validateIndividualDistrictPages -->
  <testcase classname="keralaTourism.BasicSmokeTesting" name="validateIndividualDistrictPages" time="0.002">
    <failure type="java.lang.NullPointerException" message="Cannot invoke &amp;quot;org.openqa.selenium.WebDriver.navigate()&amp;quot; because the return value of &amp;quot;keralaTourism.Base.getDriver()&amp;quot; is null">
      <![CDATA[java.lang.NullPointerException: Cannot invoke "org.openqa.selenium.WebDriver.navigate()" because the return value of "keralaTourism.Base.getDriver()" is null
at keralaTourism.BasicSmokeTesting.validateIndividualDistrictPages(BasicSmokeTesting.java:105)
at java.base/java.util.ArrayList.forEach(ArrayList.java:1596)
... Removed 25 stack frames]]>
    </failure>
  </testcase> <!-- validateIndividualDistrictPages -->
  <testcase classname="keralaTourism.BasicSmokeTesting" name="validateIndividualDistrictPages" time="0.001">
    <failure type="java.lang.NullPointerException" message="Cannot invoke &amp;quot;org.openqa.selenium.WebDriver.navigate()&amp;quot; because the return value of &amp;quot;keralaTourism.Base.getDriver()&amp;quot; is null">
      <![CDATA[java.lang.NullPointerException: Cannot invoke "org.openqa.selenium.WebDriver.navigate()" because the return value of "keralaTourism.Base.getDriver()" is null
at keralaTourism.BasicSmokeTesting.validateIndividualDistrictPages(BasicSmokeTesting.java:105)
at java.base/java.util.ArrayList.forEach(ArrayList.java:1596)
... Removed 25 stack frames]]>
    </failure>
  </testcase> <!-- validateIndividualDistrictPages -->
  <testcase classname="keralaTourism.BasicSmokeTesting" name="validateIndividualDistrictPages" time="0.002">
    <failure type="java.lang.NullPointerException" message="Cannot invoke &amp;quot;org.openqa.selenium.WebDriver.navigate()&amp;quot; because the return value of &amp;quot;keralaTourism.Base.getDriver()&amp;quot; is null">
      <![CDATA[java.lang.NullPointerException: Cannot invoke "org.openqa.selenium.WebDriver.navigate()" because the return value of "keralaTourism.Base.getDriver()" is null
at keralaTourism.BasicSmokeTesting.validateIndividualDistrictPages(BasicSmokeTesting.java:105)
at java.base/java.util.ArrayList.forEach(ArrayList.java:1596)
... Removed 25 stack frames]]>
    </failure>
  </testcase> <!-- validateIndividualDistrictPages -->
  <testcase classname="keralaTourism.BasicSmokeTesting" name="validateIndividualDistrictPages" time="0.002">
    <failure type="java.lang.NullPointerException" message="Cannot invoke &amp;quot;org.openqa.selenium.WebDriver.navigate()&amp;quot; because the return value of &amp;quot;keralaTourism.Base.getDriver()&amp;quot; is null">
      <![CDATA[java.lang.NullPointerException: Cannot invoke "org.openqa.selenium.WebDriver.navigate()" because the return value of "keralaTourism.Base.getDriver()" is null
at keralaTourism.BasicSmokeTesting.validateIndividualDistrictPages(BasicSmokeTesting.java:105)
at java.base/java.util.ArrayList.forEach(ArrayList.java:1596)
... Removed 25 stack frames]]>
    </failure>
  </testcase> <!-- validateIndividualDistrictPages -->
  <testcase classname="keralaTourism.BasicSmokeTesting" name="validateIndividualDistrictPages" time="0.001">
    <failure type="java.lang.NullPointerException" message="Cannot invoke &amp;quot;org.openqa.selenium.WebDriver.navigate()&amp;quot; because the return value of &amp;quot;keralaTourism.Base.getDriver()&amp;quot; is null">
      <![CDATA[java.lang.NullPointerException: Cannot invoke "org.openqa.selenium.WebDriver.navigate()" because the return value of "keralaTourism.Base.getDriver()" is null
at keralaTourism.BasicSmokeTesting.validateIndividualDistrictPages(BasicSmokeTesting.java:105)
at java.base/java.util.ArrayList.forEach(ArrayList.java:1596)
... Removed 25 stack frames]]>
    </failure>
  </testcase> <!-- validateIndividualDistrictPages -->
  <testcase classname="keralaTourism.BasicSmokeTesting" name="validateIndividualDistrictPages" time="0.002">
    <failure type="java.lang.NullPointerException" message="Cannot invoke &amp;quot;org.openqa.selenium.WebDriver.navigate()&amp;quot; because the return value of &amp;quot;keralaTourism.Base.getDriver()&amp;quot; is null">
      <![CDATA[java.lang.NullPointerException: Cannot invoke "org.openqa.selenium.WebDriver.navigate()" because the return value of "keralaTourism.Base.getDriver()" is null
at keralaTourism.BasicSmokeTesting.validateIndividualDistrictPages(BasicSmokeTesting.java:105)
at java.base/java.util.ArrayList.forEach(ArrayList.java:1596)
... Removed 25 stack frames]]>
    </failure>
  </testcase> <!-- validateIndividualDistrictPages -->
  <testcase classname="keralaTourism.BasicSmokeTesting" name="validateIndividualDistrictPages" time="0.002">
    <failure type="java.lang.NullPointerException" message="Cannot invoke &amp;quot;org.openqa.selenium.WebDriver.navigate()&amp;quot; because the return value of &amp;quot;keralaTourism.Base.getDriver()&amp;quot; is null">
      <![CDATA[java.lang.NullPointerException: Cannot invoke "org.openqa.selenium.WebDriver.navigate()" because the return value of "keralaTourism.Base.getDriver()" is null
at keralaTourism.BasicSmokeTesting.validateIndividualDistrictPages(BasicSmokeTesting.java:105)
at java.base/java.util.ArrayList.forEach(ArrayList.java:1596)
... Removed 25 stack frames]]>
    </failure>
  </testcase> <!-- validateIndividualDistrictPages -->
  <testcase classname="keralaTourism.BasicSmokeTesting" name="validateIndividualDistrictPages" time="0.002">
    <failure type="java.lang.NullPointerException" message="Cannot invoke &amp;quot;org.openqa.selenium.WebDriver.navigate()&amp;quot; because the return value of &amp;quot;keralaTourism.Base.getDriver()&amp;quot; is null">
      <![CDATA[java.lang.NullPointerException: Cannot invoke "org.openqa.selenium.WebDriver.navigate()" because the return value of "keralaTourism.Base.getDriver()" is null
at keralaTourism.BasicSmokeTesting.validateIndividualDistrictPages(BasicSmokeTesting.java:105)
at java.base/java.util.ArrayList.forEach(ArrayList.java:1596)
... Removed 25 stack frames]]>
    </failure>
  </testcase> <!-- validateIndividualDistrictPages -->
  <testcase classname="keralaTourism.BasicSmokeTesting" name="validateIndividualDistrictPages" time="0.001">
    <failure type="java.lang.NullPointerException" message="Cannot invoke &amp;quot;org.openqa.selenium.WebDriver.navigate()&amp;quot; because the return value of &amp;quot;keralaTourism.Base.getDriver()&amp;quot; is null">
      <![CDATA[java.lang.NullPointerException: Cannot invoke "org.openqa.selenium.WebDriver.navigate()" because the return value of "keralaTourism.Base.getDriver()" is null
at keralaTourism.BasicSmokeTesting.validateIndividualDistrictPages(BasicSmokeTesting.java:105)
at java.base/java.util.ArrayList.forEach(ArrayList.java:1596)
... Removed 25 stack frames]]>
    </failure>
  </testcase> <!-- validateIndividualDistrictPages -->
  <testcase classname="keralaTourism.BasicSmokeTesting" name="validateIndividualDistrictPages" time="0.001">
    <failure type="java.lang.NullPointerException" message="Cannot invoke &amp;quot;org.openqa.selenium.WebDriver.navigate()&amp;quot; because the return value of &amp;quot;keralaTourism.Base.getDriver()&amp;quot; is null">
      <![CDATA[java.lang.NullPointerException: Cannot invoke "org.openqa.selenium.WebDriver.navigate()" because the return value of "keralaTourism.Base.getDriver()" is null
at keralaTourism.BasicSmokeTesting.validateIndividualDistrictPages(BasicSmokeTesting.java:105)
at java.base/java.util.ArrayList.forEach(ArrayList.java:1596)
... Removed 25 stack frames]]>
    </failure>
  </testcase> <!-- validateIndividualDistrictPages -->
  <testcase classname="keralaTourism.BasicSmokeTesting" name="validateIndividualDistrictPages" time="0.001">
    <failure type="java.lang.NullPointerException" message="Cannot invoke &amp;quot;org.openqa.selenium.WebDriver.navigate()&amp;quot; because the return value of &amp;quot;keralaTourism.Base.getDriver()&amp;quot; is null">
      <![CDATA[java.lang.NullPointerException: Cannot invoke "org.openqa.selenium.WebDriver.navigate()" because the return value of "keralaTourism.Base.getDriver()" is null
at keralaTourism.BasicSmokeTesting.validateIndividualDistrictPages(BasicSmokeTesting.java:105)
at java.base/java.util.ArrayList.forEach(ArrayList.java:1596)
... Removed 25 stack frames]]>
    </failure>
  </testcase> <!-- validateIndividualDistrictPages -->
  <testcase classname="keralaTourism.BasicSmokeTesting" name="validateIndividualDistrictPages" time="0.001">
    <failure type="java.lang.NullPointerException" message="Cannot invoke &amp;quot;org.openqa.selenium.WebDriver.navigate()&amp;quot; because the return value of &amp;quot;keralaTourism.Base.getDriver()&amp;quot; is null">
      <![CDATA[java.lang.NullPointerException: Cannot invoke "org.openqa.selenium.WebDriver.navigate()" because the return value of "keralaTourism.Base.getDriver()" is null
at keralaTourism.BasicSmokeTesting.validateIndividualDistrictPages(BasicSmokeTesting.java:105)
at java.base/java.util.ArrayList.forEach(ArrayList.java:1596)
... Removed 25 stack frames]]>
    </failure>
  </testcase> <!-- validateIndividualDistrictPages -->
  <testcase classname="keralaTourism.BasicSmokeTesting" name="validateIndividualDistrictPages" time="0.002">
    <failure type="java.lang.NullPointerException" message="Cannot invoke &amp;quot;org.openqa.selenium.WebDriver.navigate()&amp;quot; because the return value of &amp;quot;keralaTourism.Base.getDriver()&amp;quot; is null">
      <![CDATA[java.lang.NullPointerException: Cannot invoke "org.openqa.selenium.WebDriver.navigate()" because the return value of "keralaTourism.Base.getDriver()" is null
at keralaTourism.BasicSmokeTesting.validateIndividualDistrictPages(BasicSmokeTesting.java:105)
at java.base/java.util.ArrayList.forEach(ArrayList.java:1596)
... Removed 25 stack frames]]>
    </failure>
  </testcase> <!-- validateIndividualDistrictPages -->
  <testcase classname="keralaTourism.ResponsiveUITest" name="verifyResponsiveLayouts" time="0.011">
    <failure type="java.lang.NullPointerException" message="Cannot invoke &amp;quot;org.openqa.selenium.WebDriver.manage()&amp;quot; because the return value of &amp;quot;keralaTourism.Base.getDriver()&amp;quot; is null">
      <![CDATA[java.lang.NullPointerException: Cannot invoke "org.openqa.selenium.WebDriver.manage()" because the return value of "keralaTourism.Base.getDriver()" is null
at keralaTourism.ResponsiveUITest.verifyResponsiveLayouts(ResponsiveUITest.java:32)
at java.base/java.util.ArrayList.forEach(ArrayList.java:1596)
... Removed 25 stack frames]]>
    </failure>
  </testcase> <!-- verifyResponsiveLayouts -->
  <testcase classname="keralaTourism.ResponsiveUITest" name="verifyResponsiveLayouts" time="0.004">
    <failure type="java.lang.NullPointerException" message="Cannot invoke &amp;quot;org.openqa.selenium.WebDriver.manage()&amp;quot; because the return value of &amp;quot;keralaTourism.Base.getDriver()&amp;quot; is null">
      <![CDATA[java.lang.NullPointerException: Cannot invoke "org.openqa.selenium.WebDriver.manage()" because the return value of "keralaTourism.Base.getDriver()" is null
at keralaTourism.ResponsiveUITest.verifyResponsiveLayouts(ResponsiveUITest.java:32)
at java.base/java.util.ArrayList.forEach(ArrayList.java:1596)
... Removed 25 stack frames]]>
    </failure>
  </testcase> <!-- verifyResponsiveLayouts -->
  <testcase classname="keralaTourism.ResponsiveUITest" name="verifyResponsiveLayouts" time="0.001">
    <failure type="java.lang.NullPointerException" message="Cannot invoke &amp;quot;org.openqa.selenium.WebDriver.manage()&amp;quot; because the return value of &amp;quot;keralaTourism.Base.getDriver()&amp;quot; is null">
      <![CDATA[java.lang.NullPointerException: Cannot invoke "org.openqa.selenium.WebDriver.manage()" because the return value of "keralaTourism.Base.getDriver()" is null
at keralaTourism.ResponsiveUITest.verifyResponsiveLayouts(ResponsiveUITest.java:32)
at java.base/java.util.ArrayList.forEach(ArrayList.java:1596)
... Removed 25 stack frames]]>
    </failure>
  </testcase> <!-- verifyResponsiveLayouts -->
  <testcase classname="keralaTourism.ResponsiveUITest" name="verifyResponsiveLayouts" time="0.002">
    <failure type="java.lang.NullPointerException" message="Cannot invoke &amp;quot;org.openqa.selenium.WebDriver.manage()&amp;quot; because the return value of &amp;quot;keralaTourism.Base.getDriver()&amp;quot; is null">
      <![CDATA[java.lang.NullPointerException: Cannot invoke "org.openqa.selenium.WebDriver.manage()" because the return value of "keralaTourism.Base.getDriver()" is null
at keralaTourism.ResponsiveUITest.verifyResponsiveLayouts(ResponsiveUITest.java:32)
at java.base/java.util.ArrayList.forEach(ArrayList.java:1596)
... Removed 25 stack frames]]>
    </failure>
  </testcase> <!-- verifyResponsiveLayouts -->
  <testcase classname="keralaTourism.E2EuserJourney" name="verifyHomePageTitle" time="0.003">
    <failure type="java.lang.NullPointerException" message="Cannot invoke &amp;quot;org.openqa.selenium.WebDriver.getTitle()&amp;quot; because the return value of &amp;quot;keralaTourism.Base.getDriver()&amp;quot; is null">
      <![CDATA[java.lang.NullPointerException: Cannot invoke "org.openqa.selenium.WebDriver.getTitle()" because the return value of "keralaTourism.Base.getDriver()" is null
at keralaTourism.E2EuserJourney.verifyHomePageTitle(E2EuserJourney.java:15)
at java.base/java.util.ArrayList.forEach(ArrayList.java:1596)
... Removed 25 stack frames]]>
    </failure>
  </testcase> <!-- verifyHomePageTitle -->
  <testcase classname="keralaTourism.E2EuserJourney" name="performSignUp" time="0.0">
    <skipped/>
  </testcase> <!-- performSignUp -->
  <testcase classname="keralaTourism.E2EuserJourney" name="exploreDistricts" time="0.0">
    <skipped/>
  </testcase> <!-- exploreDistricts -->
  <testcase classname="keralaTourism.PerformanceTestingUsingPageLoadTime" name="measurePageLoadTime" time="0.0">
    <ignored/>
  </testcase> <!-- measurePageLoadTime -->
</testsuite> <!-- Chrome Tests -->
