<?xml version="1.0" encoding="UTF-8"?>
<!-- Generated by org.testng.reporters.JUnitXMLReporter -->
<testsuite ignored="0" hostname="LAPTOP-O877SD89" failures="2" tests="31" name="Edge Tests" time="128.249" errors="0" timestamp="2025-11-08T23:05:36 IST">
  <testcase classname="keralaTourismAutomationTestNG.FormFieldValidation" name="form_Field_Validation_With_Empty_Email_Field_In_SignUP" time="3.124"/>
  <testcase classname="keralaTourismAutomationTestNG.FormFieldValidation" name="form_Field_Validation_With_Empty_Name_Field_InSignUp" time="2.654"/>
  <testcase classname="keralaTourismAutomationTestNG.FormFieldValidation" name="form_Field_Validation_With_Empty_Password1_Field_In_SignUp" time="3.108"/>
  <testcase classname="keralaTourismAutomationTestNG.FormFieldValidation" name="form_Field_Validation_With_Empty_Password2_Field_In_SignUp" time="1.065"/>
  <testcase classname="keralaTourismAutomationTestNG.FormFieldValidation" name="form_Field_Validation_With_Empty_PhoneNumber_Field_In_SignUp" time="2.87"/>
  <testcase classname="keralaTourismAutomationTestNG.FormFieldValidation" name="form_Validation_With_Both_Empty_Fields_on_Login_Page" time="5.232"/>
  <testcase classname="keralaTourismAutomationTestNG.FormFieldValidation" name="form_Validation_With_Empty_Email_Field_on_Login_Page" time="0.563"/>
  <testcase classname="keralaTourismAutomationTestNG.FormFieldValidation" name="form_Validation_With_Empty_password_field_On_Login_Page" time="2.574"/>
  <testcase classname="keralaTourismAutomationTestNG.FormFieldValidation" name="form_Validation_With_Invalid_Password_In_Login_Page" time="0.694"/>
  <testcase classname="keralaTourismAutomationTestNG.FormFieldValidation" name="form_Validation_With_Invalid_email_in_Login_Page" time="0.776"/>
  <testcase classname="keralaTourismAutomationTestNG.FormFieldValidation" name="form_Validation_With_Long_Password_Exceeding_The_Minimum_Requirement" time="0.657"/>
  <testcase classname="keralaTourismAutomationTestNG.FormFieldValidation" name="form_Validation_With_Password_Lesser_than_The_Minimum_Requirement" time="0.836"/>
  <testcase classname="keralaTourismAutomationTestNG.FormFieldValidation" name="form_Validation_with_Mismatch_Passwords_In_SignUp" time="1.21"/>
  <testcase classname="keralaTourismAutomationTestNG.FormFieldValidation" name="handle_Unexpected_Alert_If_Present" time="2.045"/>
  <testcase classname="keralaTourismAutomationTestNG.Performance_PageLoadTime" name="measurePageLoadTime" time="0.769"/>
  <testcase classname="keralaTourismAutomationTestNG.BasicSmokeTest" name="navigating_through_districts_page" time="16.199">
    <failure type="java.lang.AssertionError" message="This Page doesn&amp;apos;t have a page title expected [true] but found [false]">
      <![CDATA[java.lang.AssertionError: This Page doesn't have a page title expected [true] but found [false]
at keralaTourismAutomationTestNG.BasicSmokeTest.navigating_through_districts_page(BasicSmokeTest.java:167)
at java.base/java.util.ArrayList.forEach(ArrayList.java:1596)
at java.base/java.util.concurrent.FutureTask.run(FutureTask.java:317)
at java.base/java.util.concurrent.ThreadPoolExecutor.runWorker(ThreadPoolExecutor.java:1144)
at java.base/java.util.concurrent.ThreadPoolExecutor$Worker.run(ThreadPoolExecutor.java:642)
at java.base/java.lang.Thread.run(Thread.java:1583)
... Removed 18 stack frames]]>
    </failure>
  </testcase> <!-- navigating_through_districts_page -->
  <testcase classname="keralaTourismAutomationTestNG.XSSInjectionTest" name="test_Login_XSS_Injection" time="1.937"/>
  <testcase classname="keralaTourismAutomationTestNG.XSSInjectionTest" name="test_Signup_XSS_Injection" time="1.478">
    <failure type="org.openqa.selenium.UnhandledAlertException" message="unexpected alert open: {Alert text : validation Success}
  (Session info: MicrosoftEdge=142.0.3595.53): validation Success
Build info: version: &amp;apos;4.34.0&amp;apos;, revision: &amp;apos;707dcb4246*&amp;apos;
System info: os.name: &amp;apos;Windows 11&amp;apos;, os.arch: &amp;apos;amd64&amp;apos;, os.version: &amp;apos;10.0&amp;apos;, java.version: &amp;apos;21.0.7&amp;apos;
Driver info: org.openqa.selenium.edge.EdgeDriver
Command: [a1db81824a4f6b3b2ea0fed9d1d23b3a, screenshot {}]
Capabilities {acceptInsecureCerts: false, browserName: MicrosoftEdge, browserVersion: 142.0.3595.53, fedcm:accounts: true, ms:edgeOptions: {debuggerAddress: localhost:63017}, msedge: {msedgedriverVersion: 141.0.3537.99 (1b2f83d6a142..., userDataDir: C:\Users\GIRISH\AppData\Loc...}, networkConnectionEnabled: false, pageLoadStrategy: normal, platformName: windows, proxy: Proxy(), se:cdp: ws://localhost:63017/devtoo..., se:cdpVersion: 142.0.3595.53, setWindowRect: true, strictFileInteractability: false, timeouts: {implicit: 0, pageLoad: 300000, script: 30000}, unhandledPromptBehavior: dismiss and notify, webauthn:extension:credBlob: true, webauthn:extension:largeBlob: true, webauthn:extension:minPinLength: true, webauthn:extension:prf: true, webauthn:virtualAuthenticators: true}
Session ID: a1db81824a4f6b3b2ea0fed9d1d23b3a">
      <![CDATA[org.openqa.selenium.UnhandledAlertException: unexpected alert open: {Alert text : validation Success}
  (Session info: MicrosoftEdge=142.0.3595.53): validation Success
Build info: version: '4.34.0', revision: '707dcb4246*'
System info: os.name: 'Windows 11', os.arch: 'amd64', os.version: '10.0', java.version: '21.0.7'
Driver info: org.openqa.selenium.edge.EdgeDriver
Command: [a1db81824a4f6b3b2ea0fed9d1d23b3a, screenshot {}]
Capabilities {acceptInsecureCerts: false, browserName: MicrosoftEdge, browserVersion: 142.0.3595.53, fedcm:accounts: true, ms:edgeOptions: {debuggerAddress: localhost:63017}, msedge: {msedgedriverVersion: 141.0.3537.99 (1b2f83d6a142..., userDataDir: C:\Users\GIRISH\AppData\Loc...}, networkConnectionEnabled: false, pageLoadStrategy: normal, platformName: windows, proxy: Proxy(), se:cdp: ws://localhost:63017/devtoo..., se:cdpVersion: 142.0.3595.53, setWindowRect: true, strictFileInteractability: false, timeouts: {implicit: 0, pageLoad: 300000, script: 30000}, unhandledPromptBehavior: dismiss and notify, webauthn:extension:credBlob: true, webauthn:extension:largeBlob: true, webauthn:extension:minPinLength: true, webauthn:extension:prf: true, webauthn:virtualAuthenticators: true}
Session ID: a1db81824a4f6b3b2ea0fed9d1d23b3a
at org.openqa.selenium.remote.codec.w3c.W3CHttpResponseCodec.decode(W3CHttpResponseCodec.java:136)
at org.openqa.selenium.remote.codec.w3c.W3CHttpResponseCodec.decode(W3CHttpResponseCodec.java:50)
at org.openqa.selenium.remote.HttpCommandExecutor.execute(HttpCommandExecutor.java:215)
at org.openqa.selenium.remote.service.DriverCommandExecutor.invokeExecute(DriverCommandExecutor.java:216)
at org.openqa.selenium.remote.service.DriverCommandExecutor.execute(DriverCommandExecutor.java:174)
at org.openqa.selenium.remote.RemoteWebDriver.execute(RemoteWebDriver.java:544)
at org.openqa.selenium.remote.RemoteWebDriver.execute(RemoteWebDriver.java:617)
at org.openqa.selenium.remote.RemoteWebDriver.execute(RemoteWebDriver.java:621)
at org.openqa.selenium.remote.RemoteWebDriver.getScreenshotAs(RemoteWebDriver.java:333)
at utilities.ScreenshotUtility.ScreenshotOf(ScreenshotUtility.java:14)
at keralaTourismAutomationTestNG.XSSInjectionTest.test_Signup_XSS_Injection(XSSInjectionTest.java:27)
at java.base/java.util.ArrayList.forEach(ArrayList.java:1596)
at java.base/java.util.concurrent.FutureTask.run(FutureTask.java:317)
at java.base/java.util.concurrent.ThreadPoolExecutor.runWorker(ThreadPoolExecutor.java:1144)
at java.base/java.util.concurrent.ThreadPoolExecutor$Worker.run(ThreadPoolExecutor.java:642)
at java.base/java.lang.Thread.run(Thread.java:1583)
... Removed 15 stack frames]]>
    </failure>
  </testcase> <!-- test_Signup_XSS_Injection -->
  <testcase classname="keralaTourismAutomationTestNG.BrokenLinkDetection" name="verifyBrokenLinks" time="0.708"/>
  <testcase classname="keralaTourismAutomationTestNG.ResponsiveUITest" name="verifyResponsiveLayouts" time="0.64"/>
  <testcase classname="keralaTourismAutomationTestNG.ResponsiveUITest" name="verifyResponsiveLayouts" time="0.493"/>
  <testcase classname="keralaTourismAutomationTestNG.ResponsiveUITest" name="verifyResponsiveLayouts" time="0.489"/>
  <testcase classname="keralaTourismAutomationTestNG.ResponsiveUITest" name="verifyResponsiveLayouts" time="0.478"/>
  <testcase classname="keralaTourismAutomationTestNG.BasicSmokeTest" name="verifyHomePageTitle" time="0.124"/>
  <testcase classname="keralaTourismAutomationTestNG.E2EuserJourney" name="verifyHomePageTitle" time="0.012"/>
  <testcase classname="keralaTourismAutomationTestNG.BasicSmokeTest" name="basicNavigationThroughMainMenu" time="4.542"/>
  <testcase classname="keralaTourismAutomationTestNG.E2EuserJourney" name="performSignUp" time="5.066"/>
  <testcase classname="keralaTourismAutomationTestNG.E2EuserJourney" name="exploreDistricts" time="23.678"/>
  <testcase classname="keralaTourismAutomationTestNG.BasicSmokeTest" name="validatingExplorePage" time="0.136"/>
  <testcase classname="keralaTourismAutomationTestNG.BasicSmokeTest" name="validatingLoginPage" time="0.586"/>
  <testcase classname="keralaTourismAutomationTestNG.BasicSmokeTest" name="validatingSignupPage" time="0.118"/>
</testsuite> <!-- Edge Tests -->
