<?xml version="1.0" encoding="UTF-8"?>
<!-- Generated by org.testng.reporters.JUnitXMLReporter -->
<testsuite ignored="0" hostname="LAPTOP-O877SD89" failures="2" tests="31" name="Firefox Tests" time="157.138" errors="0" timestamp="2025-11-08T23:06:05 IST">
  <testcase classname="keralaTourismAutomationTestNG.FormFieldValidation" name="form_Field_Validation_With_Empty_Email_Field_In_SignUP" time="3.001"/>
  <testcase classname="keralaTourismAutomationTestNG.FormFieldValidation" name="form_Field_Validation_With_Empty_Name_Field_InSignUp" time="2.655"/>
  <testcase classname="keralaTourismAutomationTestNG.FormFieldValidation" name="form_Field_Validation_With_Empty_Password1_Field_In_SignUp" time="3.185"/>
  <testcase classname="keralaTourismAutomationTestNG.FormFieldValidation" name="form_Field_Validation_With_Empty_Password2_Field_In_SignUp" time="1.076"/>
  <testcase classname="keralaTourismAutomationTestNG.FormFieldValidation" name="form_Field_Validation_With_Empty_PhoneNumber_Field_In_SignUp" time="2.889"/>
  <testcase classname="keralaTourismAutomationTestNG.FormFieldValidation" name="form_Validation_With_Both_Empty_Fields_on_Login_Page" time="3.856"/>
  <testcase classname="keralaTourismAutomationTestNG.FormFieldValidation" name="form_Validation_With_Empty_Email_Field_on_Login_Page" time="1.381"/>
  <testcase classname="keralaTourismAutomationTestNG.FormFieldValidation" name="form_Validation_With_Empty_password_field_On_Login_Page" time="2.492"/>
  <testcase classname="keralaTourismAutomationTestNG.FormFieldValidation" name="form_Validation_With_Invalid_Password_In_Login_Page" time="0.768"/>
  <testcase classname="keralaTourismAutomationTestNG.FormFieldValidation" name="form_Validation_With_Invalid_email_in_Login_Page" time="0.7"/>
  <testcase classname="keralaTourismAutomationTestNG.FormFieldValidation" name="form_Validation_With_Long_Password_Exceeding_The_Minimum_Requirement" time="0.73"/>
  <testcase classname="keralaTourismAutomationTestNG.FormFieldValidation" name="form_Validation_With_Password_Lesser_than_The_Minimum_Requirement" time="0.998"/>
  <testcase classname="keralaTourismAutomationTestNG.FormFieldValidation" name="form_Validation_with_Mismatch_Passwords_In_SignUp" time="1.264"/>
  <testcase classname="keralaTourismAutomationTestNG.FormFieldValidation" name="handle_Unexpected_Alert_If_Present" time="2.042"/>
  <testcase classname="keralaTourismAutomationTestNG.Performance_PageLoadTime" name="measurePageLoadTime" time="0.457"/>
  <testcase classname="keralaTourismAutomationTestNG.BasicSmokeTest" name="navigating_through_districts_page" time="7.169">
    <failure type="java.lang.AssertionError" message="This Page doesn&amp;apos;t have a page title expected [true] but found [false]">
      <![CDATA[java.lang.AssertionError: This Page doesn't have a page title expected [true] but found [false]
at keralaTourismAutomationTestNG.BasicSmokeTest.navigating_through_districts_page(BasicSmokeTest.java:167)
at java.base/java.util.ArrayList.forEach(ArrayList.java:1596)
at java.base/java.util.concurrent.FutureTask.run(FutureTask.java:317)
at java.base/java.util.concurrent.ThreadPoolExecutor.runWorker(ThreadPoolExecutor.java:1144)
at java.base/java.util.concurrent.ThreadPoolExecutor$Worker.run(ThreadPoolExecutor.java:642)
at java.base/java.lang.Thread.run(Thread.java:1583)
... Removed 18 stack frames]]>
    </failure>
  </testcase> <!-- navigating_through_districts_page -->
  <testcase classname="keralaTourismAutomationTestNG.XSSInjectionTest" name="test_Login_XSS_Injection" time="2.489"/>
  <testcase classname="keralaTourismAutomationTestNG.XSSInjectionTest" name="test_Signup_XSS_Injection" time="1.032">
    <failure type="org.openqa.selenium.UnhandledAlertException" message="Unexpected alert dialog detected. Performed handler &amp;quot;dismiss&amp;quot;: validation Success
Build info: version: &amp;apos;4.34.0&amp;apos;, revision: &amp;apos;707dcb4246*&amp;apos;
System info: os.name: &amp;apos;Windows 11&amp;apos;, os.arch: &amp;apos;amd64&amp;apos;, os.version: &amp;apos;10.0&amp;apos;, java.version: &amp;apos;21.0.7&amp;apos;
Driver info: org.openqa.selenium.firefox.FirefoxDriver
Command: [f5202551-f101-4ba0-9772-13d3b5f9598e, screenshot {}]
Capabilities {acceptInsecureCerts: true, browserName: firefox, browserVersion: 144.0.2, moz:accessibilityChecks: false, moz:buildID: 20251027123126, moz:geckodriverVersion: 0.36.0, moz:headless: false, moz:platformVersion: 10.0, moz:processID: 31504, moz:profile: C:\Users\GIRISH\AppData\Loc..., moz:shutdownTimeout: 60000, moz:webdriverClick: true, moz:windowless: false, pageLoadStrategy: normal, platformName: windows, proxy: Proxy(), setWindowRect: true, strictFileInteractability: false, timeouts: {implicit: 0, pageLoad: 300000, script: 30000}, unhandledPromptBehavior: dismiss and notify, userAgent: Mozilla/5.0 (Windows NT 10....}
Session ID: f5202551-f101-4ba0-9772-13d3b5f9598e">
      <![CDATA[org.openqa.selenium.UnhandledAlertException: Unexpected alert dialog detected. Performed handler "dismiss": validation Success
Build info: version: '4.34.0', revision: '707dcb4246*'
System info: os.name: 'Windows 11', os.arch: 'amd64', os.version: '10.0', java.version: '21.0.7'
Driver info: org.openqa.selenium.firefox.FirefoxDriver
Command: [f5202551-f101-4ba0-9772-13d3b5f9598e, screenshot {}]
Capabilities {acceptInsecureCerts: true, browserName: firefox, browserVersion: 144.0.2, moz:accessibilityChecks: false, moz:buildID: 20251027123126, moz:geckodriverVersion: 0.36.0, moz:headless: false, moz:platformVersion: 10.0, moz:processID: 31504, moz:profile: C:\Users\GIRISH\AppData\Loc..., moz:shutdownTimeout: 60000, moz:webdriverClick: true, moz:windowless: false, pageLoadStrategy: normal, platformName: windows, proxy: Proxy(), setWindowRect: true, strictFileInteractability: false, timeouts: {implicit: 0, pageLoad: 300000, script: 30000}, unhandledPromptBehavior: dismiss and notify, userAgent: Mozilla/5.0 (Windows NT 10....}
Session ID: f5202551-f101-4ba0-9772-13d3b5f9598e
at org.openqa.selenium.remote.codec.w3c.W3CHttpResponseCodec.decode(W3CHttpResponseCodec.java:136)
at org.openqa.selenium.remote.codec.w3c.W3CHttpResponseCodec.decode(W3CHttpResponseCodec.java:50)
at org.openqa.selenium.remote.HttpCommandExecutor.execute(HttpCommandExecutor.java:215)
at org.openqa.selenium.remote.service.DriverCommandExecutor.invokeExecute(DriverCommandExecutor.java:216)
at org.openqa.selenium.remote.service.DriverCommandExecutor.execute(DriverCommandExecutor.java:174)
at org.openqa.selenium.remote.RemoteWebDriver.execute(RemoteWebDriver.java:544)
at org.openqa.selenium.remote.RemoteWebDriver.execute(RemoteWebDriver.java:617)
at org.openqa.selenium.remote.RemoteWebDriver.execute(RemoteWebDriver.java:621)
at org.openqa.selenium.remote.RemoteWebDriver.getScreenshotAs(RemoteWebDriver.java:333)
at utilities.ScreenshotUtility.ScreenshotOf(ScreenshotUtility.java:14)
at keralaTourismAutomationTestNG.XSSInjectionTest.test_Signup_XSS_Injection(XSSInjectionTest.java:27)
at java.base/java.util.ArrayList.forEach(ArrayList.java:1596)
at java.base/java.util.concurrent.FutureTask.run(FutureTask.java:317)
at java.base/java.util.concurrent.ThreadPoolExecutor.runWorker(ThreadPoolExecutor.java:1144)
at java.base/java.util.concurrent.ThreadPoolExecutor$Worker.run(ThreadPoolExecutor.java:642)
at java.base/java.lang.Thread.run(Thread.java:1583)
... Removed 15 stack frames]]>
    </failure>
  </testcase> <!-- test_Signup_XSS_Injection -->
  <testcase classname="keralaTourismAutomationTestNG.BrokenLinkDetection" name="verifyBrokenLinks" time="0.764"/>
  <testcase classname="keralaTourismAutomationTestNG.ResponsiveUITest" name="verifyResponsiveLayouts" time="13.387"/>
  <testcase classname="keralaTourismAutomationTestNG.ResponsiveUITest" name="verifyResponsiveLayouts" time="1.595"/>
  <testcase classname="keralaTourismAutomationTestNG.ResponsiveUITest" name="verifyResponsiveLayouts" time="12.871"/>
  <testcase classname="keralaTourismAutomationTestNG.ResponsiveUITest" name="verifyResponsiveLayouts" time="4.742"/>
  <testcase classname="keralaTourismAutomationTestNG.BasicSmokeTest" name="verifyHomePageTitle" time="0.114"/>
  <testcase classname="keralaTourismAutomationTestNG.E2EuserJourney" name="verifyHomePageTitle" time="0.011"/>
  <testcase classname="keralaTourismAutomationTestNG.BasicSmokeTest" name="basicNavigationThroughMainMenu" time="1.07"/>
  <testcase classname="keralaTourismAutomationTestNG.E2EuserJourney" name="performSignUp" time="1.094"/>
  <testcase classname="keralaTourismAutomationTestNG.E2EuserJourney" name="exploreDistricts" time="11.646"/>
  <testcase classname="keralaTourismAutomationTestNG.BasicSmokeTest" name="validatingExplorePage" time="0.096"/>
  <testcase classname="keralaTourismAutomationTestNG.BasicSmokeTest" name="validatingLoginPage" time="0.138"/>
  <testcase classname="keralaTourismAutomationTestNG.BasicSmokeTest" name="validatingSignupPage" time="0.064"/>
</testsuite> <!-- Firefox Tests -->
