<html>
<head>
<title>TestNG:  Firefox Tests</title>
<link href="../testng.css" rel="stylesheet" type="text/css" />
<link href="../my-testng.css" rel="stylesheet" type="text/css" />

<style type="text/css">
.log { display: none;} 
.stack-trace { display: none;} 
</style>
<script type="text/javascript">
<!--
function flip(e) {
  current = e.style.display;
  if (current == 'block') {
    e.style.display = 'none';
    return 0;
  }
  else {
    e.style.display = 'block';
    return 1;
  }
}

function toggleBox(szDivId, elem, msg1, msg2)
{
  var res = -1;  if (document.getElementById) {
    res = flip(document.getElementById(szDivId));
  }
  else if (document.all) {
    // this is the way old msie versions work
    res = flip(document.all[szDivId]);
  }
  if(elem) {
    if(res == 0) elem.innerHTML = msg1; else elem.innerHTML = msg2;
  }

}

function toggleAllBoxes() {
  if (document.getElementsByTagName) {
    d = document.getElementsByTagName('div');
    for (i = 0; i < d.length; i++) {
      if (d[i].className == 'log') {
        flip(d[i]);
      }
    }
  }
}

// -->
</script>

</head>
<body>
<h2 align='center'>Firefox Tests</h2><table border='1' align="center">
<tr>
<td>Tests passed/Failed/Skipped:</td><td>29/2/0</td>
</tr><tr>
<td>Started on:</td><td>Sat Nov 08 23:03:28 IST 2025</td>
</tr>
<tr><td>Total time:</td><td>157 seconds (157138 ms)</td>
</tr><tr>
<td>Included groups:</td><td></td>
</tr><tr>
<td>Excluded groups:</td><td></td>
</tr>
</table><p/>
<small><i>(Hover the method name to see the test class name)</i></small><p/>
<table width='100%' border='1' class='invocation-failed'>
<tr><td colspan='4' align='center'><b>FAILED TESTS</b></td></tr>
<tr><td><b>Test method</b></td>
<td><b>Attribute(s)</b></td>
<td width="30%"><b>Exception</b></td>
<td width="10%"><b>Time (seconds)</b></td>
<td><b>Instance</b></td>
</tr>
<tr>
<td title='keralaTourismAutomationTestNG.BasicSmokeTest.navigating_through_districts_page()'><b>navigating_through_districts_page</b><br>Test class: keralaTourismAutomationTestNG.BasicSmokeTest</td>
<td><div><pre>java.lang.AssertionError: This Page doesn&apos;t have a page title expected [true] but found [false]
	at keralaTourismAutomationTestNG.BasicSmokeTest.navigating_through_districts_page(BasicSmokeTest.java:167)
	at java.base/java.util.ArrayList.forEach(ArrayList.java:1596)
	at java.base/java.util.concurrent.FutureTask.run(FutureTask.java:317)
	at java.base/java.util.concurrent.ThreadPoolExecutor.runWorker(ThreadPoolExecutor.java:1144)
	at java.base/java.util.concurrent.ThreadPoolExecutor$Worker.run(ThreadPoolExecutor.java:642)
	at java.base/java.lang.Thread.run(Thread.java:1583)
... Removed 18 stack frames</pre></div><a href='#' onClick='toggleBox("stack-trace1741331144", this, "Click to show all stack frames", "Click to hide stack frames")'>Click to show all stack frames</a>
<div class='stack-trace' id='stack-trace1741331144'><pre>java.lang.AssertionError: This Page doesn&apos;t have a page title expected [true] but found [false]
	at org.testng.Assert.fail(Assert.java:111)
	at org.testng.Assert.failNotEquals(Assert.java:1590)
	at org.testng.Assert.assertTrue(Assert.java:57)
	at keralaTourismAutomationTestNG.BasicSmokeTest.navigating_through_districts_page(BasicSmokeTest.java:167)
	at java.base/jdk.internal.reflect.DirectMethodHandleAccessor.invoke(DirectMethodHandleAccessor.java:103)
	at java.base/java.lang.reflect.Method.invoke(Method.java:580)
	at org.testng.internal.invokers.MethodInvocationHelper.invokeMethod(MethodInvocationHelper.java:141)
	at org.testng.internal.invokers.TestInvoker.invokeMethod(TestInvoker.java:687)
	at org.testng.internal.invokers.TestInvoker.invokeTestMethod(TestInvoker.java:230)
	at org.testng.internal.invokers.MethodRunner.runInSequence(MethodRunner.java:63)
	at org.testng.internal.invokers.TestInvoker$MethodInvocationAgent.invoke(TestInvoker.java:995)
	at org.testng.internal.invokers.TestInvoker.invokeTestMethods(TestInvoker.java:203)
	at org.testng.internal.invokers.TestMethodWorker.invokeTestMethods(TestMethodWorker.java:154)
	at org.testng.internal.invokers.TestMethodWorker.run(TestMethodWorker.java:134)
	at java.base/java.util.ArrayList.forEach(ArrayList.java:1596)
	at org.testng.TestRunner.privateRun(TestRunner.java:741)
	at org.testng.TestRunner.run(TestRunner.java:616)
	at org.testng.SuiteRunner.runTest(SuiteRunner.java:421)
	at org.testng.SuiteRunner$SuiteWorker.run(SuiteRunner.java:463)
	at org.testng.internal.thread.ThreadUtil.lambda$execute$0(ThreadUtil.java:64)
	at java.base/java.util.concurrent.FutureTask.run(FutureTask.java:317)
	at java.base/java.util.concurrent.ThreadPoolExecutor.runWorker(ThreadPoolExecutor.java:1144)
	at java.base/java.util.concurrent.ThreadPoolExecutor$Worker.run(ThreadPoolExecutor.java:642)
	at java.base/java.lang.Thread.run(Thread.java:1583)
</pre></div></td>
<td>7</td>
<td>keralaTourismAutomationTestNG.BasicSmokeTest@6e509ffa</td></tr>
<tr>
<td title='keralaTourismAutomationTestNG.XSSInjectionTest.test_Signup_XSS_Injection()'><b>test_Signup_XSS_Injection</b><br>Test class: keralaTourismAutomationTestNG.XSSInjectionTest</td>
<td><div><pre>org.openqa.selenium.UnhandledAlertException: Unexpected alert dialog detected. Performed handler &quot;dismiss&quot;: validation Success
Build info: version: &apos;4.34.0&apos;, revision: &apos;707dcb4246*&apos;
System info: os.name: &apos;Windows 11&apos;, os.arch: &apos;amd64&apos;, os.version: &apos;10.0&apos;, java.version: &apos;21.0.7&apos;
Driver info: org.openqa.selenium.firefox.FirefoxDriver
Command: [f5202551-f101-4ba0-9772-13d3b5f9598e, screenshot {}]
Capabilities {acceptInsecureCerts: true, browserName: firefox, browserVersion: 144.0.2, moz:accessibilityChecks: false, moz:buildID: 20251027123126, moz:geckodriverVersion: 0.36.0, moz:headless: false, moz:platformVersion: 10.0, moz:processID: 31504, moz:profile: C:\Users\GIRISH\AppData\Loc..., moz:shutdownTimeout: 60000, moz:webdriverClick: true, moz:windowless: false, pageLoadStrategy: normal, platformName: windows, proxy: Proxy(), setWindowRect: true, strictFileInteractability: false, timeouts: {implicit: 0, pageLoad: 300000, script: 30000}, unhandledPromptBehavior: dismiss and notify, userAgent: Mozilla/5.0 (Windows NT 10....}
Session ID: f5202551-f101-4ba0-9772-13d3b5f9598e
	at org.openqa.selenium.remote.codec.w3c.W3CHttpResponseCodec.decode(W3CHttpResponseCodec.java:136)
	at org.openqa.selenium.remote.codec.w3c.W3CHttpResponseCodec.decode(W3CHttpResponseCodec.java:50)
	at org.openqa.selenium.remote.HttpCommandExecutor.execute(HttpCommandExecutor.java:215)
	at org.openqa.selenium.remote.service.DriverCommandExecutor.invokeExecute(DriverCommandExecutor.java:216)
	at org.openqa.selenium.remote.service.DriverCommandExecutor.execute(DriverCommandExecutor.java:174)
	at org.openqa.selenium.remote.RemoteWebDriver.execute(RemoteWebDriver.java:544)
	at org.openqa.selenium.remote.RemoteWebDriver.execute(RemoteWebDriver.java:617)
	at org.openqa.selenium.remote.RemoteWebDriver.execute(RemoteWebDriver.java:621)
	at org.openqa.selenium.remote.RemoteWebDriver.getScreenshotAs(RemoteWebDriver.java:333)
	at utilities.ScreenshotUtility.ScreenshotOf(ScreenshotUtility.java:14)
	at keralaTourismAutomationTestNG.XSSInjectionTest.test_Signup_XSS_Injection(XSSInjectionTest.java:27)
	at java.base/java.util.ArrayList.forEach(ArrayList.java:1596)
	at java.base/java.util.concurrent.FutureTask.run(FutureTask.java:317)
	at java.base/java.util.concurrent.ThreadPoolExecutor.runWorker(ThreadPoolExecutor.java:1144)
	at java.base/java.util.concurrent.ThreadPoolExecutor$Worker.run(ThreadPoolExecutor.java:642)
	at java.base/java.lang.Thread.run(Thread.java:1583)
... Removed 15 stack frames</pre></div><a href='#' onClick='toggleBox("stack-trace1370211714", this, "Click to show all stack frames", "Click to hide stack frames")'>Click to show all stack frames</a>
<div class='stack-trace' id='stack-trace1370211714'><pre>org.openqa.selenium.UnhandledAlertException: Unexpected alert dialog detected. Performed handler &quot;dismiss&quot;: validation Success
Build info: version: &apos;4.34.0&apos;, revision: &apos;707dcb4246*&apos;
System info: os.name: &apos;Windows 11&apos;, os.arch: &apos;amd64&apos;, os.version: &apos;10.0&apos;, java.version: &apos;21.0.7&apos;
Driver info: org.openqa.selenium.firefox.FirefoxDriver
Command: [f5202551-f101-4ba0-9772-13d3b5f9598e, screenshot {}]
Capabilities {acceptInsecureCerts: true, browserName: firefox, browserVersion: 144.0.2, moz:accessibilityChecks: false, moz:buildID: 20251027123126, moz:geckodriverVersion: 0.36.0, moz:headless: false, moz:platformVersion: 10.0, moz:processID: 31504, moz:profile: C:\Users\GIRISH\AppData\Loc..., moz:shutdownTimeout: 60000, moz:webdriverClick: true, moz:windowless: false, pageLoadStrategy: normal, platformName: windows, proxy: Proxy(), setWindowRect: true, strictFileInteractability: false, timeouts: {implicit: 0, pageLoad: 300000, script: 30000}, unhandledPromptBehavior: dismiss and notify, userAgent: Mozilla/5.0 (Windows NT 10....}
Session ID: f5202551-f101-4ba0-9772-13d3b5f9598e
	at org.openqa.selenium.remote.codec.w3c.W3CHttpResponseCodec.decode(W3CHttpResponseCodec.java:136)
	at org.openqa.selenium.remote.codec.w3c.W3CHttpResponseCodec.decode(W3CHttpResponseCodec.java:50)
	at org.openqa.selenium.remote.HttpCommandExecutor.execute(HttpCommandExecutor.java:215)
	at org.openqa.selenium.remote.service.DriverCommandExecutor.invokeExecute(DriverCommandExecutor.java:216)
	at org.openqa.selenium.remote.service.DriverCommandExecutor.execute(DriverCommandExecutor.java:174)
	at org.openqa.selenium.remote.RemoteWebDriver.execute(RemoteWebDriver.java:544)
	at org.openqa.selenium.remote.RemoteWebDriver.execute(RemoteWebDriver.java:617)
	at org.openqa.selenium.remote.RemoteWebDriver.execute(RemoteWebDriver.java:621)
	at org.openqa.selenium.remote.RemoteWebDriver.getScreenshotAs(RemoteWebDriver.java:333)
	at utilities.ScreenshotUtility.ScreenshotOf(ScreenshotUtility.java:14)
	at keralaTourismAutomationTestNG.XSSInjectionTest.test_Signup_XSS_Injection(XSSInjectionTest.java:27)
	at java.base/jdk.internal.reflect.DirectMethodHandleAccessor.invoke(DirectMethodHandleAccessor.java:103)
	at java.base/java.lang.reflect.Method.invoke(Method.java:580)
	at org.testng.internal.invokers.MethodInvocationHelper.invokeMethod(MethodInvocationHelper.java:141)
	at org.testng.internal.invokers.TestInvoker.invokeMethod(TestInvoker.java:687)
	at org.testng.internal.invokers.TestInvoker.invokeTestMethod(TestInvoker.java:230)
	at org.testng.internal.invokers.MethodRunner.runInSequence(MethodRunner.java:63)
	at org.testng.internal.invokers.TestInvoker$MethodInvocationAgent.invoke(TestInvoker.java:995)
	at org.testng.internal.invokers.TestInvoker.invokeTestMethods(TestInvoker.java:203)
	at org.testng.internal.invokers.TestMethodWorker.invokeTestMethods(TestMethodWorker.java:154)
	at org.testng.internal.invokers.TestMethodWorker.run(TestMethodWorker.java:134)
	at java.base/java.util.ArrayList.forEach(ArrayList.java:1596)
	at org.testng.TestRunner.privateRun(TestRunner.java:741)
	at org.testng.TestRunner.run(TestRunner.java:616)
	at org.testng.SuiteRunner.runTest(SuiteRunner.java:421)
	at org.testng.SuiteRunner$SuiteWorker.run(SuiteRunner.java:463)
	at org.testng.internal.thread.ThreadUtil.lambda$execute$0(ThreadUtil.java:64)
	at java.base/java.util.concurrent.FutureTask.run(FutureTask.java:317)
	at java.base/java.util.concurrent.ThreadPoolExecutor.runWorker(ThreadPoolExecutor.java:1144)
	at java.base/java.util.concurrent.ThreadPoolExecutor$Worker.run(ThreadPoolExecutor.java:642)
	at java.base/java.lang.Thread.run(Thread.java:1583)
</pre></div></td>
<td>1</td>
<td>keralaTourismAutomationTestNG.XSSInjectionTest@6a2b953e</td></tr>
</table><p>
<table width='100%' border='1' class='invocation-passed'>
<tr><td colspan='4' align='center'><b>PASSED TESTS</b></td></tr>
<tr><td><b>Test method</b></td>
<td><b>Attribute(s)</b></td>
<td width="30%"><b>Exception</b></td>
<td width="10%"><b>Time (seconds)</b></td>
<td><b>Instance</b></td>
</tr>
<tr>
<td title='keralaTourismAutomationTestNG.FormFieldValidation.form_Validation_with_Mismatch_Passwords_In_SignUp()'><b>form_Validation_with_Mismatch_Passwords_In_SignUp</b><br>Test class: keralaTourismAutomationTestNG.FormFieldValidation</td>
<td></td>
<td>1</td>
<td>keralaTourismAutomationTestNG.FormFieldValidation@68267da0</td></tr>
<tr>
<td title='keralaTourismAutomationTestNG.E2EuserJourney.exploreDistricts()'><b>exploreDistricts</b><br>Test class: keralaTourismAutomationTestNG.E2EuserJourney</td>
<td></td>
<td>11</td>
<td>keralaTourismAutomationTestNG.E2EuserJourney@683dbc2c</td></tr>
<tr>
<td title='keralaTourismAutomationTestNG.FormFieldValidation.form_Field_Validation_With_Empty_Password2_Field_In_SignUp()'><b>form_Field_Validation_With_Empty_Password2_Field_In_SignUp</b><br>Test class: keralaTourismAutomationTestNG.FormFieldValidation</td>
<td></td>
<td>1</td>
<td>keralaTourismAutomationTestNG.FormFieldValidation@68267da0</td></tr>
<tr>
<td title='keralaTourismAutomationTestNG.FormFieldValidation.form_Field_Validation_With_Empty_Name_Field_InSignUp()'><b>form_Field_Validation_With_Empty_Name_Field_InSignUp</b><br>Test class: keralaTourismAutomationTestNG.FormFieldValidation</td>
<td></td>
<td>2</td>
<td>keralaTourismAutomationTestNG.FormFieldValidation@68267da0</td></tr>
<tr>
<td title='keralaTourismAutomationTestNG.BasicSmokeTest.validatingSignupPage()'><b>validatingSignupPage</b><br>Test class: keralaTourismAutomationTestNG.BasicSmokeTest</td>
<td></td>
<td>0</td>
<td>keralaTourismAutomationTestNG.BasicSmokeTest@6e509ffa</td></tr>
<tr>
<td title='keralaTourismAutomationTestNG.BasicSmokeTest.validatingExplorePage()'><b>validatingExplorePage</b><br>Test class: keralaTourismAutomationTestNG.BasicSmokeTest</td>
<td></td>
<td>0</td>
<td>keralaTourismAutomationTestNG.BasicSmokeTest@6e509ffa</td></tr>
<tr>
<td title='keralaTourismAutomationTestNG.BasicSmokeTest.validatingLoginPage()'><b>validatingLoginPage</b><br>Test class: keralaTourismAutomationTestNG.BasicSmokeTest</td>
<td></td>
<td>0</td>
<td>keralaTourismAutomationTestNG.BasicSmokeTest@6e509ffa</td></tr>
<tr>
<td title='keralaTourismAutomationTestNG.FormFieldValidation.form_Validation_With_Password_Lesser_than_The_Minimum_Requirement()'><b>form_Validation_With_Password_Lesser_than_The_Minimum_Requirement</b><br>Test class: keralaTourismAutomationTestNG.FormFieldValidation</td>
<td></td>
<td>0</td>
<td>keralaTourismAutomationTestNG.FormFieldValidation@68267da0</td></tr>
<tr>
<td title='keralaTourismAutomationTestNG.FormFieldValidation.form_Validation_With_Invalid_email_in_Login_Page()'><b>form_Validation_With_Invalid_email_in_Login_Page</b><br>Test class: keralaTourismAutomationTestNG.FormFieldValidation</td>
<td></td>
<td>0</td>
<td>keralaTourismAutomationTestNG.FormFieldValidation@68267da0</td></tr>
<tr>
<td title='keralaTourismAutomationTestNG.FormFieldValidation.form_Validation_With_Both_Empty_Fields_on_Login_Page()'><b>form_Validation_With_Both_Empty_Fields_on_Login_Page</b><br>Test class: keralaTourismAutomationTestNG.FormFieldValidation</td>
<td></td>
<td>3</td>
<td>keralaTourismAutomationTestNG.FormFieldValidation@68267da0</td></tr>
<tr>
<td title='keralaTourismAutomationTestNG.FormFieldValidation.form_Validation_With_Long_Password_Exceeding_The_Minimum_Requirement()'><b>form_Validation_With_Long_Password_Exceeding_The_Minimum_Requirement</b><br>Test class: keralaTourismAutomationTestNG.FormFieldValidation</td>
<td></td>
<td>0</td>
<td>keralaTourismAutomationTestNG.FormFieldValidation@68267da0</td></tr>
<tr>
<td title='keralaTourismAutomationTestNG.BasicSmokeTest.basicNavigationThroughMainMenu()'><b>basicNavigationThroughMainMenu</b><br>Test class: keralaTourismAutomationTestNG.BasicSmokeTest</td>
<td></td>
<td>1</td>
<td>keralaTourismAutomationTestNG.BasicSmokeTest@6e509ffa</td></tr>
<tr>
<td title='keralaTourismAutomationTestNG.FormFieldValidation.form_Validation_With_Empty_Email_Field_on_Login_Page()'><b>form_Validation_With_Empty_Email_Field_on_Login_Page</b><br>Test class: keralaTourismAutomationTestNG.FormFieldValidation</td>
<td></td>
<td>1</td>
<td>keralaTourismAutomationTestNG.FormFieldValidation@68267da0</td></tr>
<tr>
<td title='keralaTourismAutomationTestNG.E2EuserJourney.verifyHomePageTitle()'><b>verifyHomePageTitle</b><br>Test class: keralaTourismAutomationTestNG.E2EuserJourney</td>
<td></td>
<td>0</td>
<td>keralaTourismAutomationTestNG.E2EuserJourney@683dbc2c</td></tr>
<tr>
<td title='keralaTourismAutomationTestNG.ResponsiveUITest.verifyResponsiveLayouts()'><b>verifyResponsiveLayouts</b><br>Test class: keralaTourismAutomationTestNG.ResponsiveUITest<br>Parameters: 1920, 1080, Desktop</td>
<td></td>
<td>13</td>
<td>keralaTourismAutomationTestNG.ResponsiveUITest@6ff29830</td></tr>
<tr>
<td title='keralaTourismAutomationTestNG.ResponsiveUITest.verifyResponsiveLayouts()'><b>verifyResponsiveLayouts</b><br>Test class: keralaTourismAutomationTestNG.ResponsiveUITest<br>Parameters: 360, 800, Mobile Android</td>
<td></td>
<td>4</td>
<td>keralaTourismAutomationTestNG.ResponsiveUITest@6ff29830</td></tr>
<tr>
<td title='keralaTourismAutomationTestNG.BasicSmokeTest.verifyHomePageTitle()'><b>verifyHomePageTitle</b><br>Test class: keralaTourismAutomationTestNG.BasicSmokeTest</td>
<td></td>
<td>0</td>
<td>keralaTourismAutomationTestNG.BasicSmokeTest@6e509ffa</td></tr>
<tr>
<td title='keralaTourismAutomationTestNG.XSSInjectionTest.test_Login_XSS_Injection()'><b>test_Login_XSS_Injection</b><br>Test class: keralaTourismAutomationTestNG.XSSInjectionTest</td>
<td></td>
<td>2</td>
<td>keralaTourismAutomationTestNG.XSSInjectionTest@6a2b953e</td></tr>
<tr>
<td title='keralaTourismAutomationTestNG.BrokenLinkDetection.verifyBrokenLinks()'><b>verifyBrokenLinks</b><br>Test class: keralaTourismAutomationTestNG.BrokenLinkDetection</td>
<td></td>
<td>0</td>
<td>keralaTourismAutomationTestNG.BrokenLinkDetection@2898ac89</td></tr>
<tr>
<td title='keralaTourismAutomationTestNG.ResponsiveUITest.verifyResponsiveLayouts()'><b>verifyResponsiveLayouts</b><br>Test class: keralaTourismAutomationTestNG.ResponsiveUITest<br>Parameters: 1024, 768, Tablet</td>
<td></td>
<td>1</td>
<td>keralaTourismAutomationTestNG.ResponsiveUITest@6ff29830</td></tr>
<tr>
<td title='keralaTourismAutomationTestNG.ResponsiveUITest.verifyResponsiveLayouts()'><b>verifyResponsiveLayouts</b><br>Test class: keralaTourismAutomationTestNG.ResponsiveUITest<br>Parameters: 375, 667, Mobile iPhone</td>
<td></td>
<td>12</td>
<td>keralaTourismAutomationTestNG.ResponsiveUITest@6ff29830</td></tr>
<tr>
<td title='keralaTourismAutomationTestNG.Performance_PageLoadTime.measurePageLoadTime()'><b>measurePageLoadTime</b><br>Test class: keralaTourismAutomationTestNG.Performance_PageLoadTime</td>
<td></td>
<td>0</td>
<td>keralaTourismAutomationTestNG.Performance_PageLoadTime@2638011</td></tr>
<tr>
<td title='keralaTourismAutomationTestNG.FormFieldValidation.form_Validation_With_Empty_password_field_On_Login_Page()'><b>form_Validation_With_Empty_password_field_On_Login_Page</b><br>Test class: keralaTourismAutomationTestNG.FormFieldValidation</td>
<td></td>
<td>2</td>
<td>keralaTourismAutomationTestNG.FormFieldValidation@68267da0</td></tr>
<tr>
<td title='keralaTourismAutomationTestNG.FormFieldValidation.form_Field_Validation_With_Empty_Email_Field_In_SignUP()'><b>form_Field_Validation_With_Empty_Email_Field_In_SignUP</b><br>Test class: keralaTourismAutomationTestNG.FormFieldValidation</td>
<td></td>
<td>3</td>
<td>keralaTourismAutomationTestNG.FormFieldValidation@68267da0</td></tr>
<tr>
<td title='keralaTourismAutomationTestNG.FormFieldValidation.form_Validation_With_Invalid_Password_In_Login_Page()'><b>form_Validation_With_Invalid_Password_In_Login_Page</b><br>Test class: keralaTourismAutomationTestNG.FormFieldValidation</td>
<td></td>
<td>0</td>
<td>keralaTourismAutomationTestNG.FormFieldValidation@68267da0</td></tr>
<tr>
<td title='keralaTourismAutomationTestNG.FormFieldValidation.form_Field_Validation_With_Empty_Password1_Field_In_SignUp()'><b>form_Field_Validation_With_Empty_Password1_Field_In_SignUp</b><br>Test class: keralaTourismAutomationTestNG.FormFieldValidation</td>
<td></td>
<td>3</td>
<td>keralaTourismAutomationTestNG.FormFieldValidation@68267da0</td></tr>
<tr>
<td title='keralaTourismAutomationTestNG.FormFieldValidation.handle_Unexpected_Alert_If_Present()'><b>handle_Unexpected_Alert_If_Present</b><br>Test class: keralaTourismAutomationTestNG.FormFieldValidation</td>
<td></td>
<td>2</td>
<td>keralaTourismAutomationTestNG.FormFieldValidation@68267da0</td></tr>
<tr>
<td title='keralaTourismAutomationTestNG.FormFieldValidation.form_Field_Validation_With_Empty_PhoneNumber_Field_In_SignUp()'><b>form_Field_Validation_With_Empty_PhoneNumber_Field_In_SignUp</b><br>Test class: keralaTourismAutomationTestNG.FormFieldValidation</td>
<td></td>
<td>2</td>
<td>keralaTourismAutomationTestNG.FormFieldValidation@68267da0</td></tr>
<tr>
<td title='keralaTourismAutomationTestNG.E2EuserJourney.performSignUp()'><b>performSignUp</b><br>Test class: keralaTourismAutomationTestNG.E2EuserJourney</td>
<td></td>
<td>1</td>
<td>keralaTourismAutomationTestNG.E2EuserJourney@683dbc2c</td></tr>
</table><p>
</body>
</html>