<?xml version="1.0" encoding="UTF-8"?>
<!-- Generated by org.testng.reporters.JUnitReportReporter -->
<testsuite hostname="LAPTOP-O877SD89" failures="0" tests="42" name="keralaTourismAutomationTestNG.FormFieldValidation" time="81.842" errors="0" timestamp="2025-11-08T23:06:06 IST" skipped="0">
  <testcase classname="keralaTourismAutomationTestNG.FormFieldValidation" name="form_Validation_With_Empty_Email_Field_on_Login_Page" time="0.508"/>
  <testcase classname="keralaTourismAutomationTestNG.FormFieldValidation" name="form_Validation_With_Invalid_email_in_Login_Page" time="0.787"/>
  <testcase classname="keralaTourismAutomationTestNG.FormFieldValidation" name="form_Validation_with_Mismatch_Passwords_In_SignUp" time="1.264"/>
  <testcase classname="keralaTourismAutomationTestNG.FormFieldValidation" name="form_Field_Validation_With_Empty_Password2_Field_In_SignUp" time="1.076"/>
  <testcase classname="keralaTourismAutomationTestNG.FormFieldValidation" name="form_Validation_with_Mismatch_Passwords_In_SignUp" time="1.175"/>
  <testcase classname="keralaTourismAutomationTestNG.FormFieldValidation" name="form_Field_Validation_With_Empty_Name_Field_InSignUp" time="2.655"/>
  <testcase classname="keralaTourismAutomationTestNG.FormFieldValidation" name="form_Validation_With_Both_Empty_Fields_on_Login_Page" time="5.054"/>
  <testcase classname="keralaTourismAutomationTestNG.FormFieldValidation" name="form_Validation_With_Password_Lesser_than_The_Minimum_Requirement" time="0.998"/>
  <testcase classname="keralaTourismAutomationTestNG.FormFieldValidation" name="form_Field_Validation_With_Empty_PhoneNumber_Field_In_SignUp" time="2.874"/>
  <testcase classname="keralaTourismAutomationTestNG.FormFieldValidation" name="form_Validation_With_Invalid_email_in_Login_Page" time="0.700"/>
  <testcase classname="keralaTourismAutomationTestNG.FormFieldValidation" name="form_Validation_With_Invalid_Password_In_Login_Page" time="0.712"/>
  <testcase classname="keralaTourismAutomationTestNG.FormFieldValidation" name="form_Field_Validation_With_Empty_Name_Field_InSignUp" time="2.639"/>
  <testcase classname="keralaTourismAutomationTestNG.FormFieldValidation" name="form_Validation_With_Both_Empty_Fields_on_Login_Page" time="3.856"/>
  <testcase classname="keralaTourismAutomationTestNG.FormFieldValidation" name="form_Validation_With_Long_Password_Exceeding_The_Minimum_Requirement" time="0.730"/>
  <testcase classname="keralaTourismAutomationTestNG.FormFieldValidation" name="form_Validation_With_Empty_Email_Field_on_Login_Page" time="1.381"/>
  <testcase classname="keralaTourismAutomationTestNG.FormFieldValidation" name="form_Validation_With_Long_Password_Exceeding_The_Minimum_Requirement" time="0.721"/>
  <testcase classname="keralaTourismAutomationTestNG.FormFieldValidation" name="handle_Unexpected_Alert_If_Present" time="2.045"/>
  <testcase classname="keralaTourismAutomationTestNG.FormFieldValidation" name="form_Field_Validation_With_Empty_Password1_Field_In_SignUp" time="3.169"/>
  <testcase classname="keralaTourismAutomationTestNG.FormFieldValidation" name="form_Field_Validation_With_Empty_PhoneNumber_Field_In_SignUp" time="2.870"/>
  <testcase classname="keralaTourismAutomationTestNG.FormFieldValidation" name="form_Field_Validation_With_Empty_Password2_Field_In_SignUp" time="1.065"/>
  <testcase classname="keralaTourismAutomationTestNG.FormFieldValidation" name="form_Validation_With_Password_Lesser_than_The_Minimum_Requirement" time="0.917"/>
  <testcase classname="keralaTourismAutomationTestNG.FormFieldValidation" name="handle_Unexpected_Alert_If_Present" time="2.058"/>
  <testcase classname="keralaTourismAutomationTestNG.FormFieldValidation" name="form_Validation_With_Long_Password_Exceeding_The_Minimum_Requirement" time="0.657"/>
  <testcase classname="keralaTourismAutomationTestNG.FormFieldValidation" name="form_Validation_With_Invalid_Password_In_Login_Page" time="0.694"/>
  <testcase classname="keralaTourismAutomationTestNG.FormFieldValidation" name="form_Field_Validation_With_Empty_Name_Field_InSignUp" time="2.654"/>
  <testcase classname="keralaTourismAutomationTestNG.FormFieldValidation" name="form_Validation_With_Empty_password_field_On_Login_Page" time="2.601"/>
  <testcase classname="keralaTourismAutomationTestNG.FormFieldValidation" name="form_Validation_With_Empty_password_field_On_Login_Page" time="2.492"/>
  <testcase classname="keralaTourismAutomationTestNG.FormFieldValidation" name="form_Field_Validation_With_Empty_Password1_Field_In_SignUp" time="3.108"/>
  <testcase classname="keralaTourismAutomationTestNG.FormFieldValidation" name="form_Field_Validation_With_Empty_Email_Field_In_SignUP" time="3.001"/>
  <testcase classname="keralaTourismAutomationTestNG.FormFieldValidation" name="form_Validation_With_Invalid_Password_In_Login_Page" time="0.768"/>
  <testcase classname="keralaTourismAutomationTestNG.FormFieldValidation" name="form_Validation_With_Empty_password_field_On_Login_Page" time="2.574"/>
  <testcase classname="keralaTourismAutomationTestNG.FormFieldValidation" name="form_Validation_with_Mismatch_Passwords_In_SignUp" time="1.210"/>
  <testcase classname="keralaTourismAutomationTestNG.FormFieldValidation" name="form_Field_Validation_With_Empty_Email_Field_In_SignUP" time="3.124"/>
  <testcase classname="keralaTourismAutomationTestNG.FormFieldValidation" name="form_Field_Validation_With_Empty_Password1_Field_In_SignUp" time="3.185"/>
  <testcase classname="keralaTourismAutomationTestNG.FormFieldValidation" name="handle_Unexpected_Alert_If_Present" time="2.042"/>
  <testcase classname="keralaTourismAutomationTestNG.FormFieldValidation" name="form_Validation_With_Empty_Email_Field_on_Login_Page" time="0.563"/>
  <testcase classname="keralaTourismAutomationTestNG.FormFieldValidation" name="form_Validation_With_Password_Lesser_than_The_Minimum_Requirement" time="0.836"/>
  <testcase classname="keralaTourismAutomationTestNG.FormFieldValidation" name="form_Field_Validation_With_Empty_PhoneNumber_Field_In_SignUp" time="2.889"/>
  <testcase classname="keralaTourismAutomationTestNG.FormFieldValidation" name="form_Field_Validation_With_Empty_Email_Field_In_SignUP" time="3.130"/>
  <testcase classname="keralaTourismAutomationTestNG.FormFieldValidation" name="form_Validation_With_Both_Empty_Fields_on_Login_Page" time="5.232"/>
  <testcase classname="keralaTourismAutomationTestNG.FormFieldValidation" name="form_Field_Validation_With_Empty_Password2_Field_In_SignUp" time="1.052"/>
  <testcase classname="keralaTourismAutomationTestNG.FormFieldValidation" name="form_Validation_With_Invalid_email_in_Login_Page" time="0.776"/>
</testsuite> <!-- keralaTourismAutomationTestNG.FormFieldValidation -->
