<?xml version="1.0" encoding="UTF-8"?>
<!-- Generated by org.testng.reporters.JUnitReportReporter -->
<testsuite hostname="LAPTOP-O877SD89" failures="0" tests="9" name="keralaTourismAutomationTestNG.E2EuserJourney" time="56.476" errors="0" timestamp="2025-11-08T23:06:06 IST" skipped="0">
  <testcase classname="keralaTourismAutomationTestNG.E2EuserJourney" name="verifyHomePageTitle" time="0.012"/>
  <testcase classname="keralaTourismAutomationTestNG.E2EuserJourney" name="verifyHomePageTitle" time="0.011"/>
  <testcase classname="keralaTourismAutomationTestNG.E2EuserJourney" name="verifyHomePageTitle" time="0.019"/>
  <testcase classname="keralaTourismAutomationTestNG.E2EuserJourney" name="performSignUp" time="5.066"/>
  <testcase classname="keralaTourismAutomationTestNG.E2EuserJourney" name="performSignUp" time="6.926"/>
  <testcase classname="keralaTourismAutomationTestNG.E2EuserJourney" name="performSignUp" time="1.094"/>
  <testcase classname="keralaTourismAutomationTestNG.E2EuserJourney" name="exploreDistricts" time="11.646"/>
  <testcase classname="keralaTourismAutomationTestNG.E2EuserJourney" name="exploreDistricts" time="8.024"/>
  <testcase classname="keralaTourismAutomationTestNG.E2EuserJourney" name="exploreDistricts" time="23.678"/>
</testsuite> <!-- keralaTourismAutomationTestNG.E2EuserJourney -->
