<?xml version="1.0" encoding="UTF-8"?>
<!-- Generated by org.testng.reporters.JUnitReportReporter -->
<testsuite hostname="LAPTOP-O877SD89" failures="0" tests="3" name="keralaTourismAutomationTestNG.Performance_PageLoadTime" time="1.980" errors="0" timestamp="2025-11-08T23:06:06 IST" skipped="0">
  <testcase classname="keralaTourismAutomationTestNG.Performance_PageLoadTime" name="measurePageLoadTime" time="0.769"/>
  <testcase classname="keralaTourismAutomationTestNG.Performance_PageLoadTime" name="measurePageLoadTime" time="0.754"/>
  <testcase classname="keralaTourismAutomationTestNG.Performance_PageLoadTime" name="measurePageLoadTime" time="0.457"/>
</testsuite> <!-- keralaTourismAutomationTestNG.Performance_PageLoadTime -->
