<?xml version="1.0" encoding="UTF-8"?>
<!-- Generated by org.testng.reporters.JUnitReportReporter -->
<testsuite hostname="LAPTOP-O877SD89" failures="0" tests="3" name="keralaTourismAutomationTestNG.BrokenLinkDetection" time="7.927" errors="0" timestamp="2025-11-08T23:06:06 IST" skipped="0">
  <testcase classname="keralaTourismAutomationTestNG.BrokenLinkDetection" name="verifyBrokenLinks" time="0.764"/>
  <testcase classname="keralaTourismAutomationTestNG.BrokenLinkDetection" name="verifyBrokenLinks" time="0.708"/>
  <testcase classname="keralaTourismAutomationTestNG.BrokenLinkDetection" name="verifyBrokenLinks" time="6.455"/>
</testsuite> <!-- keralaTourismAutomationTestNG.BrokenLinkDetection -->
