<?xml version="1.0" encoding="UTF-8"?>
<!-- Generated by org.testng.reporters.JUnitReportReporter -->
<testsuite hostname="LAPTOP-O877SD89" failures="0" tests="2" name="keralaTourismAutomation.BrokenLinkValidator" time="6.061" errors="0" timestamp="2025-11-07T13:50:10 IST" skipped="0">
  <testcase classname="keralaTourismAutomation.BrokenLinkValidator" name="verifyBrokenLinks" time="3.031"/>
  <testcase classname="keralaTourismAutomation.BrokenLinkValidator" name="verifyBrokenLinks" time="3.030"/>
</testsuite> <!-- keralaTourismAutomation.BrokenLinkValidator -->
