<?xml version="1.0" encoding="UTF-8"?>
<!-- Generated by org.testng.reporters.JUnitReportReporter -->
<testsuite hostname="LAPTOP-O877SD89" failures="0" tests="2" name="keralaTourismAutomation.PerformanceTestUsingPageLoadTime" time="9.171" errors="0" timestamp="2025-11-07T13:50:10 IST" skipped="0">
  <testcase classname="keralaTourismAutomation.PerformanceTestUsingPageLoadTime" name="measurePageLoadTime" time="4.600"/>
  <testcase classname="keralaTourismAutomation.PerformanceTestUsingPageLoadTime" name="measurePageLoadTime" time="4.571"/>
</testsuite> <!-- keralaTourismAutomation.PerformanceTestUsingPageLoadTime -->
