<?xml version="1.0" encoding="UTF-8"?>
<!-- Generated by org.testng.reporters.JUnitReportReporter -->
<testsuite hostname="LAPTOP-O877SD89" failures="0" tests="12" name="keralaTourismAutomationTestNG.ResponsiveUITest" time="37.049" errors="0" timestamp="2025-11-08T23:06:06 IST" skipped="0">
  <testcase classname="keralaTourismAutomationTestNG.ResponsiveUITest" name="verifyResponsiveLayouts" time="0.489"/>
  <testcase classname="keralaTourismAutomationTestNG.ResponsiveUITest" name="verifyResponsiveLayouts" time="0.640"/>
  <testcase classname="keralaTourismAutomationTestNG.ResponsiveUITest" name="verifyResponsiveLayouts" time="0.478"/>
  <testcase classname="keralaTourismAutomationTestNG.ResponsiveUITest" name="verifyResponsiveLayouts" time="1.595"/>
  <testcase classname="keralaTourismAutomationTestNG.ResponsiveUITest" name="verifyResponsiveLayouts" time="0.581"/>
  <testcase classname="keralaTourismAutomationTestNG.ResponsiveUITest" name="verifyResponsiveLayouts" time="13.387"/>
  <testcase classname="keralaTourismAutomationTestNG.ResponsiveUITest" name="verifyResponsiveLayouts" time="0.545"/>
  <testcase classname="keralaTourismAutomationTestNG.ResponsiveUITest" name="verifyResponsiveLayouts" time="0.639"/>
  <testcase classname="keralaTourismAutomationTestNG.ResponsiveUITest" name="verifyResponsiveLayouts" time="12.871"/>
  <testcase classname="keralaTourismAutomationTestNG.ResponsiveUITest" name="verifyResponsiveLayouts" time="0.589"/>
  <testcase classname="keralaTourismAutomationTestNG.ResponsiveUITest" name="verifyResponsiveLayouts" time="0.493"/>
  <testcase classname="keralaTourismAutomationTestNG.ResponsiveUITest" name="verifyResponsiveLayouts" time="4.742"/>
</testsuite> <!-- keralaTourismAutomationTestNG.ResponsiveUITest -->
